Mplus VERSION 8 (Mac)
MUTHEN & MUTHEN
08/31/2017   2:22 PM

INPUT INSTRUCTIONS


  TITLE: iris LPA

  DATA:
  	File is iris.dat
  	
  VARIABLE:

  	Names are x1, x2, x3, x4;

  	Classes = c(3) ;

  ANALYSIS:
  	Type is mixture;

  OUTPUT:
  	Tech11;



*** WARNING in DATA command
  Statement not terminated by a semicolon:
  File is iris.dat
*** WARNING in MODEL command
  All variables are uncorrelated with all other variables within class.
  Check that this is what is intended.
   2 WARNING(S) FOUND IN THE INPUT INSTRUCTIONS



iris LPA

SUMMARY OF ANALYSIS

Number of groups                                                 1
Number of observations                                         150

Number of dependent variables                                    4
Number of independent variables                                  0
Number of continuous latent variables                            0
Number of categorical latent variables                           1

Observed dependent variables

  Continuous
   X1          X2          X3          X4

Categorical latent variables
   C


Estimator                                                      MLR
Information matrix                                        OBSERVED
Optimization Specifications for the Quasi-Newton Algorithm for
Continuous Outcomes
  Maximum number of iterations                                 100
  Convergence criterion                                  0.100D-05
Optimization Specifications for the EM Algorithm
  Maximum number of iterations                                 500
  Convergence criteria
    Loglikelihood change                                 0.100D-06
    Relative loglikelihood change                        0.100D-06
    Derivative                                           0.100D-05
Optimization Specifications for the M step of the EM Algorithm for
Categorical Latent variables
  Number of M step iterations                                    1
  M step convergence criterion                           0.100D-05
  Basis for M step termination                           ITERATION
Optimization Specifications for the M step of the EM Algorithm for
Censored, Binary or Ordered Categorical (Ordinal), Unordered
Categorical (Nominal) and Count Outcomes
  Number of M step iterations                                    1
  M step convergence criterion                           0.100D-05
  Basis for M step termination                           ITERATION
  Maximum value for logit thresholds                            15
  Minimum value for logit thresholds                           -15
  Minimum expected cell size for chi-square              0.100D-01
Optimization algorithm                                         EMA
Random Starts Specifications
  Number of initial stage random starts                         20
  Number of final stage optimizations                            4
  Number of initial stage iterations                            10
  Initial stage convergence criterion                    0.100D+01
  Random starts scale                                    0.500D+01
  Random seed for generating random starts                       0

Input data file(s)
  iris.dat
Input data format  FREE



UNIVARIATE SAMPLE STATISTICS


     UNIVARIATE HIGHER-ORDER MOMENT DESCRIPTIVE STATISTICS

         Variable/         Mean/     Skewness/   Minimum/ % with                Percentiles
        Sample Size      Variance    Kurtosis    Maximum  Min/Max      20%/60%    40%/80%    Median

     X1                    5.843       0.312       4.300    0.67%       5.000      5.600      5.800
             150.000       0.681      -0.574       7.900    0.67%       6.100      6.500
     X2                    3.057       0.316       2.000    0.67%       2.700      3.000      3.000
             150.000       0.189       0.181       4.400    0.67%       3.100      3.400
     X3                    3.758      -0.272       1.000    0.67%       1.500      3.900      4.350
             150.000       3.096      -1.396       6.900    0.67%       4.600      5.300
     X4                    1.199      -0.102       0.100    3.33%       0.200      1.100      1.300
             150.000       0.577      -1.336       2.500    2.00%       1.500      1.900

RANDOM STARTS RESULTS RANKED FROM THE BEST TO THE WORST LOGLIKELIHOOD VALUES

Final stage loglikelihood values at local maxima, seeds, and initial stage start numbers:

            -361.426  253358           2
            -361.426  93468            3
            -361.426  unperturbed      0
            -361.426  285380           1



THE BEST LOGLIKELIHOOD VALUE HAS BEEN REPLICATED.  RERUN WITH AT LEAST TWICE THE
RANDOM STARTS TO CHECK THAT THE BEST LOGLIKELIHOOD IS STILL OBTAINED AND REPLICATED.


THE MODEL ESTIMATION TERMINATED NORMALLY



MODEL FIT INFORMATION

Number of Free Parameters                       18

Loglikelihood

          H0 Value                        -361.426
          H0 Scaling Correction Factor      1.2625
            for MLR

Information Criteria

          Akaike (AIC)                     758.851
          Bayesian (BIC)                   813.042
          Sample-Size Adjusted BIC         756.076
            (n* = (n + 2) / 24)



FINAL CLASS COUNTS AND PROPORTIONS FOR THE LATENT CLASSES
BASED ON THE ESTIMATED MODEL

    Latent
   Classes

       1         50.00000          0.33333
       2         54.88812          0.36592
       3         45.11187          0.30075


FINAL CLASS COUNTS AND PROPORTIONS FOR THE LATENT CLASSES
BASED ON ESTIMATED POSTERIOR PROBABILITIES

    Latent
   Classes

       1         50.00000          0.33333
       2         54.88812          0.36592
       3         45.11187          0.30075


FINAL CLASS COUNTS AND PROPORTIONS FOR THE LATENT CLASSES
BASED ON THEIR MOST LIKELY LATENT CLASS MEMBERSHIP

Class Counts and Proportions

    Latent
   Classes

       1               50          0.33333
       2               55          0.36667
       3               45          0.30000


CLASSIFICATION QUALITY

     Entropy                         0.957


Average Latent Class Probabilities for Most Likely Latent Class Membership (Row)
by Latent Class (Column)

           1        2        3

    1   1.000    0.000    0.000
    2   0.000    0.970    0.030
    3   0.000    0.034    0.966


Classification Probabilities for the Most Likely Latent Class Membership (Column)
by Latent Class (Row)

           1        2        3

    1   1.000    0.000    0.000
    2   0.000    0.972    0.028
    3   0.000    0.036    0.964


Logits for the Classification Probabilities for the Most Likely Latent Class Membership (Column)
by Latent Class (Row)

              1        2        3

    1     13.816    0.000    0.000
    2    -10.236    3.552    0.000
    3    -13.778   -3.276    0.000


MODEL RESULTS

                                                    Two-Tailed
                    Estimate       S.E.  Est./S.E.    P-Value

Latent Class 1

 Means
    X1                 5.006      0.049    101.442      0.000
    X2                 3.428      0.053     64.595      0.000
    X3                 1.462      0.024     60.132      0.000
    X4                 0.246      0.015     16.673      0.000

 Variances
    X1                 0.236      0.030      7.957      0.000
    X2                 0.107      0.014      7.643      0.000
    X3                 0.187      0.027      6.862      0.000
    X4                 0.038      0.007      5.083      0.000

Latent Class 2

 Means
    X1                 5.920      0.079     75.391      0.000
    X2                 2.748      0.051     54.285      0.000
    X3                 4.327      0.122     35.533      0.000
    X4                 1.352      0.071     18.936      0.000

 Variances
    X1                 0.236      0.030      7.957      0.000
    X2                 0.107      0.014      7.643      0.000
    X3                 0.187      0.027      6.862      0.000
    X4                 0.038      0.007      5.083      0.000

Latent Class 3

 Means
    X1                 6.678      0.150     44.463      0.000
    X2                 3.023      0.054     55.527      0.000
    X3                 5.611      0.155     36.164      0.000
    X4                 2.070      0.062     33.501      0.000

 Variances
    X1                 0.236      0.030      7.957      0.000
    X2                 0.107      0.014      7.643      0.000
    X3                 0.187      0.027      6.862      0.000
    X4                 0.038      0.007      5.083      0.000

Categorical Latent Variables

 Means
    C#1                0.103      0.248      0.414      0.679
    C#2                0.196      0.336      0.583      0.560


QUALITY OF NUMERICAL RESULTS

     Condition Number for the Information Matrix              0.257E-03
       (ratio of smallest to largest eigenvalue)


TECHNICAL 11 OUTPUT

     Random Starts Specifications for the k-1 Class Analysis Model
        Number of initial stage random starts                  20
        Number of final stage optimizations                     4



     VUONG-LO-MENDELL-RUBIN LIKELIHOOD RATIO TEST FOR 2 (H0) VERSUS 3 CLASSES

          H0 Loglikelihood Value                         -488.915
          2 Times the Loglikelihood Difference            254.979
          Difference in the Number of Parameters                5
          Mean                                             44.859
          Standard Deviation                               66.443
          P-Value                                          0.0176

     LO-MENDELL-RUBIN ADJUSTED LRT TEST

          Value                                           245.192
          P-Value                                          0.0200


     Beginning Time:  14:22:33
        Ending Time:  14:22:33
       Elapsed Time:  00:00:00



MUTHEN & MUTHEN
3463 Stoner Ave.
Los Angeles, CA  90066

Tel: (310) 391-9971
Fax: (310) 391-8971
Web: www.StatModel.com
Support: Support@StatModel.com

Copyright (c) 1998-2017 Muthen & Muthen
