Mplus VERSION 8 (Mac)
MUTHEN & MUTHEN
08/31/2017   2:22 PM

INPUT INSTRUCTIONS


  TITLE: iris LPA

  DATA:
  	File is iris.dat
  	
  VARIABLE:

  	Names are x1, x2, x3, x4;

  	Classes = c(4) ;

  ANALYSIS:
  	Type is mixture;

  OUTPUT:
  	Tech11;



*** WARNING in DATA command
  Statement not terminated by a semicolon:
  File is iris.dat
*** WARNING in MODEL command
  All variables are uncorrelated with all other variables within class.
  Check that this is what is intended.
   2 WARNING(S) FOUND IN THE INPUT INSTRUCTIONS



iris LPA

SUMMARY OF ANALYSIS

Number of groups                                                 1
Number of observations                                         150

Number of dependent variables                                    4
Number of independent variables                                  0
Number of continuous latent variables                            0
Number of categorical latent variables                           1

Observed dependent variables

  Continuous
   X1          X2          X3          X4

Categorical latent variables
   C


Estimator                                                      MLR
Information matrix                                        OBSERVED
Optimization Specifications for the Quasi-Newton Algorithm for
Continuous Outcomes
  Maximum number of iterations                                 100
  Convergence criterion                                  0.100D-05
Optimization Specifications for the EM Algorithm
  Maximum number of iterations                                 500
  Convergence criteria
    Loglikelihood change                                 0.100D-06
    Relative loglikelihood change                        0.100D-06
    Derivative                                           0.100D-05
Optimization Specifications for the M step of the EM Algorithm for
Categorical Latent variables
  Number of M step iterations                                    1
  M step convergence criterion                           0.100D-05
  Basis for M step termination                           ITERATION
Optimization Specifications for the M step of the EM Algorithm for
Censored, Binary or Ordered Categorical (Ordinal), Unordered
Categorical (Nominal) and Count Outcomes
  Number of M step iterations                                    1
  M step convergence criterion                           0.100D-05
  Basis for M step termination                           ITERATION
  Maximum value for logit thresholds                            15
  Minimum value for logit thresholds                           -15
  Minimum expected cell size for chi-square              0.100D-01
Optimization algorithm                                         EMA
Random Starts Specifications
  Number of initial stage random starts                         20
  Number of final stage optimizations                            4
  Number of initial stage iterations                            10
  Initial stage convergence criterion                    0.100D+01
  Random starts scale                                    0.500D+01
  Random seed for generating random starts                       0

Input data file(s)
  iris.dat
Input data format  FREE



UNIVARIATE SAMPLE STATISTICS


     UNIVARIATE HIGHER-ORDER MOMENT DESCRIPTIVE STATISTICS

         Variable/         Mean/     Skewness/   Minimum/ % with                Percentiles
        Sample Size      Variance    Kurtosis    Maximum  Min/Max      20%/60%    40%/80%    Median

     X1                    5.843       0.312       4.300    0.67%       5.000      5.600      5.800
             150.000       0.681      -0.574       7.900    0.67%       6.100      6.500
     X2                    3.057       0.316       2.000    0.67%       2.700      3.000      3.000
             150.000       0.189       0.181       4.400    0.67%       3.100      3.400
     X3                    3.758      -0.272       1.000    0.67%       1.500      3.900      4.350
             150.000       3.096      -1.396       6.900    0.67%       4.600      5.300
     X4                    1.199      -0.102       0.100    3.33%       0.200      1.100      1.300
             150.000       0.577      -1.336       2.500    2.00%       1.500      1.900

RANDOM STARTS RESULTS RANKED FROM THE BEST TO THE WORST LOGLIKELIHOOD VALUES

Final stage loglikelihood values at local maxima, seeds, and initial stage start numbers:

            -310.117  939021           8
            -310.117  285380           1
            -310.117  27071            15
            -310.117  93468            3



THE BEST LOGLIKELIHOOD VALUE HAS BEEN REPLICATED.  RERUN WITH AT LEAST TWICE THE
RANDOM STARTS TO CHECK THAT THE BEST LOGLIKELIHOOD IS STILL OBTAINED AND REPLICATED.


THE MODEL ESTIMATION TERMINATED NORMALLY



MODEL FIT INFORMATION

Number of Free Parameters                       23

Loglikelihood

          H0 Value                        -310.117
          H0 Scaling Correction Factor      1.1914
            for MLR

Information Criteria

          Akaike (AIC)                     666.234
          Bayesian (BIC)                   735.479
          Sample-Size Adjusted BIC         662.688
            (n* = (n + 2) / 24)



FINAL CLASS COUNTS AND PROPORTIONS FOR THE LATENT CLASSES
BASED ON THE ESTIMATED MODEL

    Latent
   Classes

       1         50.00000          0.33333
       2         33.35446          0.22236
       3         42.10767          0.28072
       4         24.53787          0.16359


FINAL CLASS COUNTS AND PROPORTIONS FOR THE LATENT CLASSES
BASED ON ESTIMATED POSTERIOR PROBABILITIES

    Latent
   Classes

       1         50.00000          0.33333
       2         33.35446          0.22236
       3         42.10767          0.28072
       4         24.53787          0.16359


FINAL CLASS COUNTS AND PROPORTIONS FOR THE LATENT CLASSES
BASED ON THEIR MOST LIKELY LATENT CLASS MEMBERSHIP

Class Counts and Proportions

    Latent
   Classes

       1               50          0.33333
       2               35          0.23333
       3               42          0.28000
       4               23          0.15333


CLASSIFICATION QUALITY

     Entropy                         0.945


Average Latent Class Probabilities for Most Likely Latent Class Membership (Row)
by Latent Class (Column)

           1        2        3        4

    1   1.000    0.000    0.000    0.000
    2   0.000    0.943    0.057    0.000
    3   0.000    0.008    0.943    0.049
    4   0.000    0.000    0.023    0.977


Classification Probabilities for the Most Likely Latent Class Membership (Column)
by Latent Class (Row)

           1        2        3        4

    1   1.000    0.000    0.000    0.000
    2   0.000    0.989    0.011    0.000
    3   0.000    0.047    0.940    0.012
    4   0.000    0.000    0.084    0.916


Logits for the Classification Probabilities for the Most Likely Latent Class Membership (Column)
by Latent Class (Row)

              1        2        3        4

    1     13.816    0.000    0.000    0.000
    2      0.000   13.805    9.263    0.000
    3     -9.425    1.342    4.329    0.000
    4    -13.728  -13.728   -2.390    0.000


MODEL RESULTS

                                                    Two-Tailed
                    Estimate       S.E.  Est./S.E.    P-Value

Latent Class 1

 Means
    X1                 5.006      0.049    101.442      0.000
    X2                 3.428      0.053     64.595      0.000
    X3                 1.462      0.024     60.133      0.000
    X4                 0.246      0.015     16.673      0.000

 Variances
    X1                 0.166      0.020      8.252      0.000
    X2                 0.096      0.014      7.092      0.000
    X3                 0.111      0.019      5.749      0.000
    X4                 0.032      0.004      7.347      0.000

Latent Class 2

 Means
    X1                 6.876      0.116     59.457      0.000
    X2                 3.092      0.055     55.916      0.000
    X3                 5.801      0.107     54.252      0.000
    X4                 2.145      0.054     39.705      0.000

 Variances
    X1                 0.166      0.020      8.252      0.000
    X2                 0.096      0.014      7.092      0.000
    X3                 0.111      0.019      5.749      0.000
    X4                 0.032      0.004      7.347      0.000

Latent Class 3

 Means
    X1                 6.179      0.077     80.518      0.000
    X2                 2.861      0.043     66.590      0.000
    X3                 4.784      0.114     41.840      0.000
    X4                 1.591      0.065     24.642      0.000

 Variances
    X1                 0.166      0.020      8.252      0.000
    X2                 0.096      0.014      7.092      0.000
    X3                 0.111      0.019      5.749      0.000
    X4                 0.032      0.004      7.347      0.000

Latent Class 4

 Means
    X1                 5.570      0.102     54.716      0.000
    X2                 2.592      0.068     38.364      0.000
    X3                 3.898      0.125     31.114      0.000
    X4                 1.184      0.045     26.367      0.000

 Variances
    X1                 0.166      0.020      8.252      0.000
    X2                 0.096      0.014      7.092      0.000
    X3                 0.111      0.019      5.749      0.000
    X4                 0.032      0.004      7.347      0.000

Categorical Latent Variables

 Means
    C#1                0.712      0.301      2.365      0.018
    C#2                0.307      0.369      0.832      0.405
    C#3                0.540      0.339      1.594      0.111


QUALITY OF NUMERICAL RESULTS

     Condition Number for the Information Matrix              0.855E-04
       (ratio of smallest to largest eigenvalue)


TECHNICAL 11 OUTPUT

     Random Starts Specifications for the k-1 Class Analysis Model
        Number of initial stage random starts                  20
        Number of final stage optimizations                     4



     VUONG-LO-MENDELL-RUBIN LIKELIHOOD RATIO TEST FOR 3 (H0) VERSUS 4 CLASSES

          H0 Loglikelihood Value                         -361.426
          2 Times the Loglikelihood Difference            102.617
          Difference in the Number of Parameters                5
          Mean                                            -10.549
          Standard Deviation                               73.266
          P-Value                                          0.0290

     LO-MENDELL-RUBIN ADJUSTED LRT TEST

          Value                                            98.678
          P-Value                                          0.0321


     Beginning Time:  14:22:33
        Ending Time:  14:22:33
       Elapsed Time:  00:00:00



MUTHEN & MUTHEN
3463 Stoner Ave.
Los Angeles, CA  90066

Tel: (310) 391-9971
Fax: (310) 391-8971
Web: www.StatModel.com
Support: Support@StatModel.com

Copyright (c) 1998-2017 Muthen & Muthen
