Mplus VERSION 8 (Mac)
MUTHEN & MUTHEN
08/31/2017   2:22 PM

INPUT INSTRUCTIONS


  TITLE: iris LPA

  DATA:
  	File is iris.dat
  	
  VARIABLE:

  	Names are x1, x2, x3, x4;

  	Classes = c(6) ;

  ANALYSIS:
  	Type is mixture;

  OUTPUT:
  	Tech11;



*** WARNING in DATA command
  Statement not terminated by a semicolon:
  File is iris.dat
*** WARNING in MODEL command
  All variables are uncorrelated with all other variables within class.
  Check that this is what is intended.
   2 WARNING(S) FOUND IN THE INPUT INSTRUCTIONS



iris LPA

SUMMARY OF ANALYSIS

Number of groups                                                 1
Number of observations                                         150

Number of dependent variables                                    4
Number of independent variables                                  0
Number of continuous latent variables                            0
Number of categorical latent variables                           1

Observed dependent variables

  Continuous
   X1          X2          X3          X4

Categorical latent variables
   C


Estimator                                                      MLR
Information matrix                                        OBSERVED
Optimization Specifications for the Quasi-Newton Algorithm for
Continuous Outcomes
  Maximum number of iterations                                 100
  Convergence criterion                                  0.100D-05
Optimization Specifications for the EM Algorithm
  Maximum number of iterations                                 500
  Convergence criteria
    Loglikelihood change                                 0.100D-06
    Relative loglikelihood change                        0.100D-06
    Derivative                                           0.100D-05
Optimization Specifications for the M step of the EM Algorithm for
Categorical Latent variables
  Number of M step iterations                                    1
  M step convergence criterion                           0.100D-05
  Basis for M step termination                           ITERATION
Optimization Specifications for the M step of the EM Algorithm for
Censored, Binary or Ordered Categorical (Ordinal), Unordered
Categorical (Nominal) and Count Outcomes
  Number of M step iterations                                    1
  M step convergence criterion                           0.100D-05
  Basis for M step termination                           ITERATION
  Maximum value for logit thresholds                            15
  Minimum value for logit thresholds                           -15
  Minimum expected cell size for chi-square              0.100D-01
Optimization algorithm                                         EMA
Random Starts Specifications
  Number of initial stage random starts                         20
  Number of final stage optimizations                            4
  Number of initial stage iterations                            10
  Initial stage convergence criterion                    0.100D+01
  Random starts scale                                    0.500D+01
  Random seed for generating random starts                       0

Input data file(s)
  iris.dat
Input data format  FREE



UNIVARIATE SAMPLE STATISTICS


     UNIVARIATE HIGHER-ORDER MOMENT DESCRIPTIVE STATISTICS

         Variable/         Mean/     Skewness/   Minimum/ % with                Percentiles
        Sample Size      Variance    Kurtosis    Maximum  Min/Max      20%/60%    40%/80%    Median

     X1                    5.843       0.312       4.300    0.67%       5.000      5.600      5.800
             150.000       0.681      -0.574       7.900    0.67%       6.100      6.500
     X2                    3.057       0.316       2.000    0.67%       2.700      3.000      3.000
             150.000       0.189       0.181       4.400    0.67%       3.100      3.400
     X3                    3.758      -0.272       1.000    0.67%       1.500      3.900      4.350
             150.000       3.096      -1.396       6.900    0.67%       4.600      5.300
     X4                    1.199      -0.102       0.100    3.33%       0.200      1.100      1.300
             150.000       0.577      -1.336       2.500    2.00%       1.500      1.900

RANDOM STARTS RESULTS RANKED FROM THE BEST TO THE WORST LOGLIKELIHOOD VALUES

Final stage loglikelihood values at local maxima, seeds, and initial stage start numbers:

            -264.208  415931           10
            -264.208  637345           19
            -264.208  68985            17
            -264.208  195873           6



THE BEST LOGLIKELIHOOD VALUE HAS BEEN REPLICATED.  RERUN WITH AT LEAST TWICE THE
RANDOM STARTS TO CHECK THAT THE BEST LOGLIKELIHOOD IS STILL OBTAINED AND REPLICATED.


THE MODEL ESTIMATION TERMINATED NORMALLY



MODEL FIT INFORMATION

Number of Free Parameters                       33

Loglikelihood

          H0 Value                        -264.208
          H0 Scaling Correction Factor      1.1975
            for MLR

Information Criteria

          Akaike (AIC)                     594.416
          Bayesian (BIC)                   693.767
          Sample-Size Adjusted BIC         589.329
            (n* = (n + 2) / 24)



FINAL CLASS COUNTS AND PROPORTIONS FOR THE LATENT CLASSES
BASED ON THE ESTIMATED MODEL

    Latent
   Classes

       1         27.78541          0.18524
       2         22.21459          0.14810
       3         24.93892          0.16626
       4         39.91522          0.26610
       5         24.22082          0.16147
       6         10.92504          0.07283


FINAL CLASS COUNTS AND PROPORTIONS FOR THE LATENT CLASSES
BASED ON ESTIMATED POSTERIOR PROBABILITIES

    Latent
   Classes

       1         27.78541          0.18524
       2         22.21459          0.14810
       3         24.93892          0.16626
       4         39.91522          0.26610
       5         24.22082          0.16147
       6         10.92504          0.07283


FINAL CLASS COUNTS AND PROPORTIONS FOR THE LATENT CLASSES
BASED ON THEIR MOST LIKELY LATENT CLASS MEMBERSHIP

Class Counts and Proportions

    Latent
   Classes

       1               28          0.18667
       2               22          0.14667
       3               25          0.16667
       4               40          0.26667
       5               24          0.16000
       6               11          0.07333


CLASSIFICATION QUALITY

     Entropy                         0.912


Average Latent Class Probabilities for Most Likely Latent Class Membership (Row)
by Latent Class (Column)

           1        2        3        4        5        6

    1   0.876    0.124    0.000    0.000    0.000    0.000
    2   0.148    0.852    0.000    0.000    0.000    0.000
    3   0.000    0.000    0.966    0.018    0.000    0.016
    4   0.000    0.000    0.008    0.971    0.021    0.000
    5   0.000    0.000    0.000    0.026    0.974    0.000
    6   0.000    0.000    0.043    0.000    0.000    0.956


Classification Probabilities for the Most Likely Latent Class Membership (Column)
by Latent Class (Row)

           1        2        3        4        5        6

    1   0.883    0.117    0.000    0.000    0.000    0.000
    2   0.156    0.844    0.000    0.000    0.000    0.000
    3   0.000    0.000    0.968    0.012    0.000    0.019
    4   0.000    0.000    0.011    0.973    0.016    0.000
    5   0.000    0.000    0.000    0.035    0.965    0.000
    6   0.000    0.000    0.037    0.000    0.000    0.963


Logits for the Classification Probabilities for the Most Likely Latent Class Membership (Column)
by Latent Class (Row)

              1        2        3        4        5        6

    1     13.691   11.671    0.000    0.000    0.000    0.000
    2     11.959   13.646    0.000    0.000    0.000    0.000
    3     -9.860   -9.860    3.924   -0.430   -9.860    0.000
    4     -3.800   -3.800    5.519    9.989    5.851    0.000
    5      0.000    0.000    0.000   10.455   13.780    0.000
    6    -13.778  -13.778   -3.259  -13.778  -13.778    0.000


MODEL RESULTS

                                                    Two-Tailed
                    Estimate       S.E.  Est./S.E.    P-Value

Latent Class 1

 Means
    X1                 4.794      0.148     32.295      0.000
    X2                 3.201      0.151     21.185      0.000
    X3                 1.429      0.049     28.920      0.000
    X4                 0.219      0.028      7.720      0.000

 Variances
    X1                 0.096      0.017      5.764      0.000
    X2                 0.075      0.010      7.642      0.000
    X3                 0.073      0.011      6.797      0.000
    X4                 0.032      0.004      7.697      0.000

Latent Class 2

 Means
    X1                 5.272      0.161     32.740      0.000
    X2                 3.712      0.194     19.169      0.000
    X3                 1.503      0.033     45.672      0.000
    X4                 0.280      0.024     11.714      0.000

 Variances
    X1                 0.096      0.017      5.764      0.000
    X2                 0.075      0.010      7.642      0.000
    X3                 0.073      0.011      6.797      0.000
    X4                 0.032      0.004      7.697      0.000

Latent Class 3

 Means
    X1                 6.552      0.075     87.338      0.000
    X2                 3.058      0.051     59.703      0.000
    X3                 5.522      0.064     86.777      0.000
    X4                 2.156      0.062     34.884      0.000

 Variances
    X1                 0.096      0.017      5.764      0.000
    X2                 0.075      0.010      7.642      0.000
    X3                 0.073      0.011      6.797      0.000
    X4                 0.032      0.004      7.697      0.000

Latent Class 4

 Means
    X1                 6.187      0.079     78.266      0.000
    X2                 2.857      0.044     64.935      0.000
    X3                 4.745      0.063     75.256      0.000
    X4                 1.566      0.040     38.742      0.000

 Variances
    X1                 0.096      0.017      5.764      0.000
    X2                 0.075      0.010      7.642      0.000
    X3                 0.073      0.011      6.797      0.000
    X4                 0.032      0.004      7.697      0.000

Latent Class 5

 Means
    X1                 5.527      0.074     74.661      0.000
    X2                 2.588      0.061     42.196      0.000
    X3                 3.891      0.109     35.711      0.000
    X4                 1.191      0.050     23.770      0.000

 Variances
    X1                 0.096      0.017      5.764      0.000
    X2                 0.075      0.010      7.642      0.000
    X3                 0.073      0.011      6.797      0.000
    X4                 0.032      0.004      7.697      0.000

Latent Class 6

 Means
    X1                 7.506      0.105     71.476      0.000
    X2                 3.130      0.128     24.400      0.000
    X3                 6.339      0.145     43.694      0.000
    X4                 2.056      0.101     20.428      0.000

 Variances
    X1                 0.096      0.017      5.764      0.000
    X2                 0.075      0.010      7.642      0.000
    X3                 0.073      0.011      6.797      0.000
    X4                 0.032      0.004      7.697      0.000

Categorical Latent Variables

 Means
    C#1                0.933      0.641      1.456      0.145
    C#2                0.710      0.747      0.950      0.342
    C#3                0.825      0.428      1.929      0.054
    C#4                1.296      0.386      3.361      0.001
    C#5                0.796      0.401      1.987      0.047


QUALITY OF NUMERICAL RESULTS

     Condition Number for the Information Matrix              0.221E-04
       (ratio of smallest to largest eigenvalue)


TECHNICAL 11 OUTPUT

     Random Starts Specifications for the k-1 Class Analysis Model
        Number of initial stage random starts                  20
        Number of final stage optimizations                     4



     VUONG-LO-MENDELL-RUBIN LIKELIHOOD RATIO TEST FOR 5 (H0) VERSUS 6 CLASSES

          H0 Loglikelihood Value                         -277.045
          2 Times the Loglikelihood Difference             25.675
          Difference in the Number of Parameters                5
          Mean                                             15.689
          Standard Deviation                               24.936
          P-Value                                          0.2517

     LO-MENDELL-RUBIN ADJUSTED LRT TEST

          Value                                            24.689
          P-Value                                          0.2638


     Beginning Time:  14:22:33
        Ending Time:  14:22:34
       Elapsed Time:  00:00:01



MUTHEN & MUTHEN
3463 Stoner Ave.
Los Angeles, CA  90066

Tel: (310) 391-9971
Fax: (310) 391-8971
Web: www.StatModel.com
Support: Support@StatModel.com

Copyright (c) 1998-2017 Muthen & Muthen
