Mplus VERSION 8 (Mac)
MUTHEN & MUTHEN
08/31/2017   2:22 PM

INPUT INSTRUCTIONS


  TITLE: iris LPA

  DATA:
  	File is iris.dat
  	
  VARIABLE:

  	Names are x1, x2, x3, x4;

  	Classes = c(7) ;

  ANALYSIS:
  	Type is mixture;

  OUTPUT:
  	Tech11;



*** WARNING in DATA command
  Statement not terminated by a semicolon:
  File is iris.dat
*** WARNING in MODEL command
  All variables are uncorrelated with all other variables within class.
  Check that this is what is intended.
   2 WARNING(S) FOUND IN THE INPUT INSTRUCTIONS



iris LPA

SUMMARY OF ANALYSIS

Number of groups                                                 1
Number of observations                                         150

Number of dependent variables                                    4
Number of independent variables                                  0
Number of continuous latent variables                            0
Number of categorical latent variables                           1

Observed dependent variables

  Continuous
   X1          X2          X3          X4

Categorical latent variables
   C


Estimator                                                      MLR
Information matrix                                        OBSERVED
Optimization Specifications for the Quasi-Newton Algorithm for
Continuous Outcomes
  Maximum number of iterations                                 100
  Convergence criterion                                  0.100D-05
Optimization Specifications for the EM Algorithm
  Maximum number of iterations                                 500
  Convergence criteria
    Loglikelihood change                                 0.100D-06
    Relative loglikelihood change                        0.100D-06
    Derivative                                           0.100D-05
Optimization Specifications for the M step of the EM Algorithm for
Categorical Latent variables
  Number of M step iterations                                    1
  M step convergence criterion                           0.100D-05
  Basis for M step termination                           ITERATION
Optimization Specifications for the M step of the EM Algorithm for
Censored, Binary or Ordered Categorical (Ordinal), Unordered
Categorical (Nominal) and Count Outcomes
  Number of M step iterations                                    1
  M step convergence criterion                           0.100D-05
  Basis for M step termination                           ITERATION
  Maximum value for logit thresholds                            15
  Minimum value for logit thresholds                           -15
  Minimum expected cell size for chi-square              0.100D-01
Optimization algorithm                                         EMA
Random Starts Specifications
  Number of initial stage random starts                         20
  Number of final stage optimizations                            4
  Number of initial stage iterations                            10
  Initial stage convergence criterion                    0.100D+01
  Random starts scale                                    0.500D+01
  Random seed for generating random starts                       0

Input data file(s)
  iris.dat
Input data format  FREE



UNIVARIATE SAMPLE STATISTICS


     UNIVARIATE HIGHER-ORDER MOMENT DESCRIPTIVE STATISTICS

         Variable/         Mean/     Skewness/   Minimum/ % with                Percentiles
        Sample Size      Variance    Kurtosis    Maximum  Min/Max      20%/60%    40%/80%    Median

     X1                    5.843       0.312       4.300    0.67%       5.000      5.600      5.800
             150.000       0.681      -0.574       7.900    0.67%       6.100      6.500
     X2                    3.057       0.316       2.000    0.67%       2.700      3.000      3.000
             150.000       0.189       0.181       4.400    0.67%       3.100      3.400
     X3                    3.758      -0.272       1.000    0.67%       1.500      3.900      4.350
             150.000       3.096      -1.396       6.900    0.67%       4.600      5.300
     X4                    1.199      -0.102       0.100    3.33%       0.200      1.100      1.300
             150.000       0.577      -1.336       2.500    2.00%       1.500      1.900

RANDOM STARTS RESULTS RANKED FROM THE BEST TO THE WORST LOGLIKELIHOOD VALUES

Final stage loglikelihood values at local maxima, seeds, and initial stage start numbers:

            -240.626  608496           4
            -240.626  93468            3
            -241.415  903420           5
            -261.570  285380           1



THE BEST LOGLIKELIHOOD VALUE HAS BEEN REPLICATED.  RERUN WITH AT LEAST TWICE THE
RANDOM STARTS TO CHECK THAT THE BEST LOGLIKELIHOOD IS STILL OBTAINED AND REPLICATED.


THE MODEL ESTIMATION TERMINATED NORMALLY



MODEL FIT INFORMATION

Number of Free Parameters                       38

Loglikelihood

          H0 Value                        -240.626
          H0 Scaling Correction Factor      1.5776
            for MLR

Information Criteria

          Akaike (AIC)                     557.251
          Bayesian (BIC)                   671.655
          Sample-Size Adjusted BIC         551.393
            (n* = (n + 2) / 24)



FINAL CLASS COUNTS AND PROPORTIONS FOR THE LATENT CLASSES
BASED ON THE ESTIMATED MODEL

    Latent
   Classes

       1         21.02394          0.14016
       2         26.78818          0.17859
       3         21.03893          0.14026
       4         29.30771          0.19538
       5         23.21182          0.15475
       6         10.11156          0.06741
       7         18.51786          0.12345


FINAL CLASS COUNTS AND PROPORTIONS FOR THE LATENT CLASSES
BASED ON ESTIMATED POSTERIOR PROBABILITIES

    Latent
   Classes

       1         21.02394          0.14016
       2         26.78818          0.17859
       3         21.03893          0.14026
       4         29.30771          0.19538
       5         23.21182          0.15475
       6         10.11156          0.06741
       7         18.51786          0.12345


FINAL CLASS COUNTS AND PROPORTIONS FOR THE LATENT CLASSES
BASED ON THEIR MOST LIKELY LATENT CLASS MEMBERSHIP

Class Counts and Proportions

    Latent
   Classes

       1               21          0.14000
       2               26          0.17333
       3               20          0.13333
       4               30          0.20000
       5               24          0.16000
       6               10          0.06667
       7               19          0.12667


CLASSIFICATION QUALITY

     Entropy                         0.909


Average Latent Class Probabilities for Most Likely Latent Class Membership (Row)
by Latent Class (Column)

           1        2        3        4        5        6        7

    1   0.949    0.000    0.000    0.051    0.000    0.000    0.000
    2   0.000    0.890    0.000    0.000    0.110    0.000    0.000
    3   0.000    0.000    0.963    0.026    0.000    0.000    0.011
    4   0.036    0.000    0.040    0.924    0.000    0.000    0.000
    5   0.000    0.152    0.000    0.000    0.848    0.000    0.000
    6   0.000    0.000    0.037    0.000    0.000    0.961    0.002
    7   0.000    0.000    0.012    0.000    0.000    0.026    0.962


Classification Probabilities for the Most Likely Latent Class Membership (Column)
by Latent Class (Row)

           1        2        3        4        5        6        7

    1   0.948    0.000    0.000    0.052    0.000    0.000    0.000
    2   0.000    0.864    0.000    0.000    0.136    0.000    0.000
    3   0.000    0.000    0.916    0.056    0.000    0.018    0.010
    4   0.036    0.000    0.018    0.946    0.000    0.000    0.000
    5   0.000    0.123    0.000    0.000    0.877    0.000    0.000
    6   0.000    0.000    0.001    0.000    0.000    0.950    0.049
    7   0.000    0.000    0.011    0.000    0.000    0.001    0.987


Logits for the Classification Probabilities for the Most Likely Latent Class Membership (Column)
by Latent Class (Row)

              1        2        3        4        5        6        7

    1     13.762    0.000    0.000   10.858    0.000    0.000    0.000
    2      0.000   13.669    0.000    0.000   11.820    0.000    0.000
    3     -9.250   -9.250    4.477    1.690   -9.250    0.526    0.000
    4     10.504    0.000    9.779   13.760    0.000    3.259    0.000
    5      0.000   11.719    0.000    0.000   13.684    0.000    0.000
    6    -10.807  -10.807   -4.204  -10.807  -10.807    2.958    0.000
    7    -13.803  -13.803   -4.456  -13.803  -13.803   -6.654    0.000


MODEL RESULTS

                                                    Two-Tailed
                    Estimate       S.E.  Est./S.E.    P-Value

Latent Class 1

 Means
    X1                 5.518      0.117     47.264      0.000
    X2                 2.561      0.133     19.278      0.000
    X3                 3.832      0.178     21.560      0.000
    X4                 1.160      0.065     17.966      0.000

 Variances
    X1                 0.110      0.040      2.747      0.006
    X2                 0.073      0.011      6.629      0.000
    X3                 0.071      0.023      3.035      0.002
    X4                 0.016      0.006      2.511      0.012

Latent Class 2

 Means
    X1                 4.787      0.119     40.355      0.000
    X2                 3.192      0.124     25.816      0.000
    X3                 1.424      0.043     33.274      0.000
    X4                 0.211      0.020     10.525      0.000

 Variances
    X1                 0.110      0.040      2.747      0.006
    X2                 0.073      0.011      6.629      0.000
    X3                 0.071      0.023      3.035      0.002
    X4                 0.016      0.006      2.511      0.012

Latent Class 3

 Means
    X1                 6.185      0.302     20.480      0.000
    X2                 2.839      0.080     35.515      0.000
    X3                 5.144      0.221     23.295      0.000
    X4                 1.827      0.146     12.526      0.000

 Variances
    X1                 0.110      0.040      2.747      0.006
    X2                 0.073      0.011      6.629      0.000
    X3                 0.071      0.023      3.035      0.002
    X4                 0.016      0.006      2.511      0.012

Latent Class 4

 Means
    X1                 6.197      0.224     27.683      0.000
    X2                 2.872      0.075     38.502      0.000
    X3                 4.580      0.293     15.658      0.000
    X4                 1.433      0.052     27.458      0.000

 Variances
    X1                 0.110      0.040      2.747      0.006
    X2                 0.073      0.011      6.629      0.000
    X3                 0.071      0.023      3.035      0.002
    X4                 0.016      0.006      2.511      0.012

Latent Class 5

 Means
    X1                 5.258      0.119     44.060      0.000
    X2                 3.700      0.145     25.600      0.000
    X3                 1.506      0.033     45.047      0.000
    X4                 0.286      0.029      9.806      0.000

 Variances
    X1                 0.110      0.040      2.747      0.006
    X2                 0.073      0.011      6.629      0.000
    X3                 0.071      0.023      3.035      0.002
    X4                 0.016      0.006      2.511      0.012

Latent Class 6

 Means
    X1                 7.530      0.210     35.892      0.000
    X2                 3.090      0.135     22.887      0.000
    X3                 6.358      0.313     20.335      0.000
    X4                 2.020      0.202      9.991      0.000

 Variances
    X1                 0.110      0.040      2.747      0.006
    X2                 0.073      0.011      6.629      0.000
    X3                 0.071      0.023      3.035      0.002
    X4                 0.016      0.006      2.511      0.012

Latent Class 7

 Means
    X1                 6.604      0.082     80.880      0.000
    X2                 3.142      0.052     60.601      0.000
    X3                 5.577      0.071     79.040      0.000
    X4                 2.287      0.039     59.087      0.000

 Variances
    X1                 0.110      0.040      2.747      0.006
    X2                 0.073      0.011      6.629      0.000
    X3                 0.071      0.023      3.035      0.002
    X4                 0.016      0.006      2.511      0.012

Categorical Latent Variables

 Means
    C#1                0.127      0.538      0.236      0.814
    C#2                0.369      0.495      0.745      0.456
    C#3                0.128      0.487      0.262      0.793
    C#4                0.459      0.354      1.297      0.195
    C#5                0.226      0.552      0.409      0.683
    C#6               -0.605      0.624     -0.969      0.333


QUALITY OF NUMERICAL RESULTS

     Condition Number for the Information Matrix              0.958E-05
       (ratio of smallest to largest eigenvalue)


TECHNICAL 11 OUTPUT

     Random Starts Specifications for the k-1 Class Analysis Model
        Number of initial stage random starts                  20
        Number of final stage optimizations                     4



     VUONG-LO-MENDELL-RUBIN LIKELIHOOD RATIO TEST FOR 6 (H0) VERSUS 7 CLASSES

          H0 Loglikelihood Value                         -253.622
          2 Times the Loglikelihood Difference             25.993
          Difference in the Number of Parameters                5
          Mean                                            189.967
          Standard Deviation                              248.792
          P-Value                                          0.8023

     LO-MENDELL-RUBIN ADJUSTED LRT TEST

          Value                                            24.996
          P-Value                                          0.8073


     Beginning Time:  14:22:34
        Ending Time:  14:22:34
       Elapsed Time:  00:00:00



MUTHEN & MUTHEN
3463 Stoner Ave.
Los Angeles, CA  90066

Tel: (310) 391-9971
Fax: (310) 391-8971
Web: www.StatModel.com
Support: Support@StatModel.com

Copyright (c) 1998-2017 Muthen & Muthen
