Mplus VERSION 8 (Mac)
MUTHEN & MUTHEN
08/31/2017   2:22 PM

INPUT INSTRUCTIONS


  TITLE: iris LPA

  DATA:
  	File is iris.dat
  	
  VARIABLE:

  	Names are x1, x2, x3, x4;

  	Classes = c(8) ;

  ANALYSIS:
  	Type is mixture;

  OUTPUT:
  	Tech11;



*** WARNING in DATA command
  Statement not terminated by a semicolon:
  File is iris.dat
*** WARNING in MODEL command
  All variables are uncorrelated with all other variables within class.
  Check that this is what is intended.
   2 WARNING(S) FOUND IN THE INPUT INSTRUCTIONS



iris LPA

SUMMARY OF ANALYSIS

Number of groups                                                 1
Number of observations                                         150

Number of dependent variables                                    4
Number of independent variables                                  0
Number of continuous latent variables                            0
Number of categorical latent variables                           1

Observed dependent variables

  Continuous
   X1          X2          X3          X4

Categorical latent variables
   C


Estimator                                                      MLR
Information matrix                                        OBSERVED
Optimization Specifications for the Quasi-Newton Algorithm for
Continuous Outcomes
  Maximum number of iterations                                 100
  Convergence criterion                                  0.100D-05
Optimization Specifications for the EM Algorithm
  Maximum number of iterations                                 500
  Convergence criteria
    Loglikelihood change                                 0.100D-06
    Relative loglikelihood change                        0.100D-06
    Derivative                                           0.100D-05
Optimization Specifications for the M step of the EM Algorithm for
Categorical Latent variables
  Number of M step iterations                                    1
  M step convergence criterion                           0.100D-05
  Basis for M step termination                           ITERATION
Optimization Specifications for the M step of the EM Algorithm for
Censored, Binary or Ordered Categorical (Ordinal), Unordered
Categorical (Nominal) and Count Outcomes
  Number of M step iterations                                    1
  M step convergence criterion                           0.100D-05
  Basis for M step termination                           ITERATION
  Maximum value for logit thresholds                            15
  Minimum value for logit thresholds                           -15
  Minimum expected cell size for chi-square              0.100D-01
Optimization algorithm                                         EMA
Random Starts Specifications
  Number of initial stage random starts                         20
  Number of final stage optimizations                            4
  Number of initial stage iterations                            10
  Initial stage convergence criterion                    0.100D+01
  Random starts scale                                    0.500D+01
  Random seed for generating random starts                       0

Input data file(s)
  iris.dat
Input data format  FREE



UNIVARIATE SAMPLE STATISTICS


     UNIVARIATE HIGHER-ORDER MOMENT DESCRIPTIVE STATISTICS

         Variable/         Mean/     Skewness/   Minimum/ % with                Percentiles
        Sample Size      Variance    Kurtosis    Maximum  Min/Max      20%/60%    40%/80%    Median

     X1                    5.843       0.312       4.300    0.67%       5.000      5.600      5.800
             150.000       0.681      -0.574       7.900    0.67%       6.100      6.500
     X2                    3.057       0.316       2.000    0.67%       2.700      3.000      3.000
             150.000       0.189       0.181       4.400    0.67%       3.100      3.400
     X3                    3.758      -0.272       1.000    0.67%       1.500      3.900      4.350
             150.000       3.096      -1.396       6.900    0.67%       4.600      5.300
     X4                    1.199      -0.102       0.100    3.33%       0.200      1.100      1.300
             150.000       0.577      -1.336       2.500    2.00%       1.500      1.900

RANDOM STARTS RESULTS RANKED FROM THE BEST TO THE WORST LOGLIKELIHOOD VALUES

Final stage loglikelihood values at local maxima, seeds, and initial stage start numbers:

            -222.808  68985            17
            -230.516  462953           7
            -237.896  93468            3
            -239.841  76974            16



     WARNING:  THE BEST LOGLIKELIHOOD VALUE WAS NOT REPLICATED.  THE
     SOLUTION MAY NOT BE TRUSTWORTHY DUE TO LOCAL MAXIMA.  INCREASE THE
     NUMBER OF RANDOM STARTS.


THE MODEL ESTIMATION TERMINATED NORMALLY



MODEL FIT INFORMATION

Number of Free Parameters                       43

Loglikelihood

          H0 Value                        -222.808
          H0 Scaling Correction Factor      1.1565
            for MLR

Information Criteria

          Akaike (AIC)                     531.616
          Bayesian (BIC)                   661.074
          Sample-Size Adjusted BIC         524.987
            (n* = (n + 2) / 24)



FINAL CLASS COUNTS AND PROPORTIONS FOR THE LATENT CLASSES
BASED ON THE ESTIMATED MODEL

    Latent
   Classes

       1         24.23506          0.16157
       2         25.76494          0.17177
       3          6.30983          0.04207
       4         21.12898          0.14086
       5         21.54195          0.14361
       6         21.88174          0.14588
       7         18.64896          0.12433
       8         10.48853          0.06992


FINAL CLASS COUNTS AND PROPORTIONS FOR THE LATENT CLASSES
BASED ON ESTIMATED POSTERIOR PROBABILITIES

    Latent
   Classes

       1         24.23507          0.16157
       2         25.76493          0.17177
       3          6.30983          0.04207
       4         21.12898          0.14086
       5         21.54195          0.14361
       6         21.88174          0.14588
       7         18.64896          0.12433
       8         10.48853          0.06992


FINAL CLASS COUNTS AND PROPORTIONS FOR THE LATENT CLASSES
BASED ON THEIR MOST LIKELY LATENT CLASS MEMBERSHIP

Class Counts and Proportions

    Latent
   Classes

       1               26          0.17333
       2               24          0.16000
       3                6          0.04000
       4               21          0.14000
       5               22          0.14667
       6               22          0.14667
       7               19          0.12667
       8               10          0.06667


CLASSIFICATION QUALITY

     Entropy                         0.917


Average Latent Class Probabilities for Most Likely Latent Class Membership (Row)
by Latent Class (Column)

           1        2        3        4        5        6        7        8

    1   0.861    0.139    0.000    0.000    0.000    0.000    0.000    0.000
    2   0.077    0.923    0.000    0.000    0.000    0.000    0.000    0.000
    3   0.000    0.000    0.971    0.000    0.000    0.029    0.000    0.000
    4   0.000    0.000    0.000    0.921    0.029    0.050    0.000    0.000
    5   0.000    0.000    0.000    0.042    0.943    0.000    0.014    0.000
    6   0.000    0.000    0.022    0.039    0.001    0.938    0.000    0.000
    7   0.000    0.000    0.000    0.000    0.008    0.000    0.965    0.028
    8   0.000    0.000    0.000    0.000    0.004    0.000    0.000    0.995


Classification Probabilities for the Most Likely Latent Class Membership (Column)
by Latent Class (Row)

           1        2        3        4        5        6        7        8

    1   0.924    0.076    0.000    0.000    0.000    0.000    0.000    0.000
    2   0.140    0.860    0.000    0.000    0.000    0.000    0.000    0.000
    3   0.000    0.000    0.924    0.000    0.000    0.076    0.000    0.000
    4   0.000    0.000    0.000    0.915    0.044    0.041    0.000    0.000
    5   0.000    0.000    0.000    0.028    0.963    0.001    0.007    0.002
    6   0.000    0.000    0.008    0.048    0.000    0.944    0.000    0.000
    7   0.000    0.000    0.000    0.000    0.017    0.000    0.983    0.000
    8   0.000    0.000    0.000    0.000    0.001    0.000    0.050    0.949


Logits for the Classification Probabilities for the Most Likely Latent Class Membership (Column)
by Latent Class (Row)

              1        2        3        4        5        6        7        8

    1     13.737   11.238    0.000    0.000    0.000    0.000    0.000    0.000
    2     11.849   13.665    0.000    0.000    0.000    0.000    0.000    0.000
    3      0.000    0.000   13.736    0.000    0.000   11.243    0.000    0.000
    4     -2.148   -2.148   -2.148   11.579    8.545    8.465   -2.148    0.000
    5     -7.583   -7.583   -7.583    2.656    6.195   -1.179    1.239    0.000
    6      0.000    0.000    8.968   10.788    5.342   13.757    0.000    0.000
    7     -5.273   -5.273   -5.273   -5.273    4.472   -5.273    8.525    0.000
    8    -13.763  -13.763  -13.763  -13.763   -7.177  -13.763   -2.938    0.000


MODEL RESULTS

                                                    Two-Tailed
                    Estimate       S.E.  Est./S.E.    P-Value

Latent Class 1

 Means
    X1                 5.260      0.102     51.479      0.000
    X2                 3.691      0.117     31.531      0.000
    X3                 1.507      0.032     46.647      0.000
    X4                 0.285      0.026     10.816      0.000

 Variances
    X1                 0.081      0.011      7.554      0.000
    X2                 0.070      0.010      6.904      0.000
    X3                 0.057      0.007      7.850      0.000
    X4                 0.018      0.004      4.568      0.000

Latent Class 2

 Means
    X1                 4.767      0.101     47.251      0.000
    X2                 3.180      0.107     29.831      0.000
    X3                 1.420      0.043     33.095      0.000
    X4                 0.209      0.017     12.241      0.000

 Variances
    X1                 0.081      0.011      7.554      0.000
    X2                 0.070      0.010      6.904      0.000
    X3                 0.057      0.007      7.850      0.000
    X4                 0.018      0.004      4.568      0.000

Latent Class 3

 Means
    X1                 5.217      0.178     29.389      0.000
    X2                 2.368      0.078     30.351      0.000
    X3                 3.410      0.150     22.732      0.000
    X4                 1.024      0.015     67.292      0.000

 Variances
    X1                 0.081      0.011      7.554      0.000
    X2                 0.070      0.010      6.904      0.000
    X3                 0.057      0.007      7.850      0.000
    X4                 0.018      0.004      4.568      0.000

Latent Class 4

 Means
    X1                 6.379      0.108     58.823      0.000
    X2                 2.912      0.095     30.510      0.000
    X3                 4.616      0.069     66.886      0.000
    X4                 1.439      0.027     53.785      0.000

 Variances
    X1                 0.081      0.011      7.554      0.000
    X2                 0.070      0.010      6.904      0.000
    X3                 0.057      0.007      7.850      0.000
    X4                 0.018      0.004      4.568      0.000

Latent Class 5

 Means
    X1                 6.170      0.077     80.593      0.000
    X2                 2.818      0.068     41.648      0.000
    X3                 5.144      0.068     75.944      0.000
    X4                 1.810      0.056     32.582      0.000

 Variances
    X1                 0.081      0.011      7.554      0.000
    X2                 0.070      0.010      6.904      0.000
    X3                 0.057      0.007      7.850      0.000
    X4                 0.018      0.004      4.568      0.000

Latent Class 6

 Means
    X1                 5.648      0.063     89.016      0.000
    X2                 2.700      0.065     41.615      0.000
    X3                 4.126      0.082     50.250      0.000
    X4                 1.283      0.050     25.662      0.000

 Variances
    X1                 0.081      0.011      7.554      0.000
    X2                 0.070      0.010      6.904      0.000
    X3                 0.057      0.007      7.850      0.000
    X4                 0.018      0.004      4.568      0.000

Latent Class 7

 Means
    X1                 6.602      0.083     79.734      0.000
    X2                 3.140      0.052     60.193      0.000
    X3                 5.575      0.074     75.809      0.000
    X4                 2.284      0.039     59.222      0.000

 Variances
    X1                 0.081      0.011      7.554      0.000
    X2                 0.070      0.010      6.904      0.000
    X3                 0.057      0.007      7.850      0.000
    X4                 0.018      0.004      4.568      0.000

Latent Class 8

 Means
    X1                 7.519      0.087     85.967      0.000
    X2                 3.088      0.120     25.730      0.000
    X3                 6.340      0.123     51.357      0.000
    X4                 2.008      0.072     27.804      0.000

 Variances
    X1                 0.081      0.011      7.554      0.000
    X2                 0.070      0.010      6.904      0.000
    X3                 0.057      0.007      7.850      0.000
    X4                 0.018      0.004      4.568      0.000

Categorical Latent Variables

 Means
    C#1                0.838      0.504      1.662      0.097
    C#2                0.899      0.486      1.848      0.065
    C#3               -0.508      0.583     -0.872      0.383
    C#4                0.700      0.439      1.597      0.110
    C#5                0.720      0.397      1.813      0.070
    C#6                0.735      0.395      1.862      0.063
    C#7                0.576      0.405      1.420      0.156


QUALITY OF NUMERICAL RESULTS

     Condition Number for the Information Matrix              0.315E-05
       (ratio of smallest to largest eigenvalue)


TECHNICAL 11 OUTPUT

     Random Starts Specifications for the k-1 Class Analysis Model
        Number of initial stage random starts                  20
        Number of final stage optimizations                     4



     VUONG-LO-MENDELL-RUBIN LIKELIHOOD RATIO TEST FOR 7 (H0) VERSUS 8 CLASSES

          H0 Loglikelihood Value                         -239.597
          2 Times the Loglikelihood Difference             33.578
          Difference in the Number of Parameters                5
          Mean                                           -265.490
          Standard Deviation                              372.052
          P-Value                                          0.0179

     LO-MENDELL-RUBIN ADJUSTED LRT TEST

          Value                                            32.289
          P-Value                                          0.0197


     Beginning Time:  14:22:34
        Ending Time:  14:22:35
       Elapsed Time:  00:00:01



MUTHEN & MUTHEN
3463 Stoner Ave.
Los Angeles, CA  90066

Tel: (310) 391-9971
Fax: (310) 391-8971
Web: www.StatModel.com
Support: Support@StatModel.com

Copyright (c) 1998-2017 Muthen & Muthen
