Mplus VERSION 8 (Mac)
MUTHEN & MUTHEN
08/31/2017   2:22 PM

INPUT INSTRUCTIONS


  TITLE: iris LPA

  DATA:
  	File is iris.dat
  	
  VARIABLE:

  	Names are x1, x2, x3, x4;

  	Classes = c(9) ;

  ANALYSIS:
  	Type is mixture;

  OUTPUT:
  	Tech11;



*** WARNING in DATA command
  Statement not terminated by a semicolon:
  File is iris.dat
*** WARNING in MODEL command
  All variables are uncorrelated with all other variables within class.
  Check that this is what is intended.
   2 WARNING(S) FOUND IN THE INPUT INSTRUCTIONS



iris LPA

SUMMARY OF ANALYSIS

Number of groups                                                 1
Number of observations                                         150

Number of dependent variables                                    4
Number of independent variables                                  0
Number of continuous latent variables                            0
Number of categorical latent variables                           1

Observed dependent variables

  Continuous
   X1          X2          X3          X4

Categorical latent variables
   C


Estimator                                                      MLR
Information matrix                                        OBSERVED
Optimization Specifications for the Quasi-Newton Algorithm for
Continuous Outcomes
  Maximum number of iterations                                 100
  Convergence criterion                                  0.100D-05
Optimization Specifications for the EM Algorithm
  Maximum number of iterations                                 500
  Convergence criteria
    Loglikelihood change                                 0.100D-06
    Relative loglikelihood change                        0.100D-06
    Derivative                                           0.100D-05
Optimization Specifications for the M step of the EM Algorithm for
Categorical Latent variables
  Number of M step iterations                                    1
  M step convergence criterion                           0.100D-05
  Basis for M step termination                           ITERATION
Optimization Specifications for the M step of the EM Algorithm for
Censored, Binary or Ordered Categorical (Ordinal), Unordered
Categorical (Nominal) and Count Outcomes
  Number of M step iterations                                    1
  M step convergence criterion                           0.100D-05
  Basis for M step termination                           ITERATION
  Maximum value for logit thresholds                            15
  Minimum value for logit thresholds                           -15
  Minimum expected cell size for chi-square              0.100D-01
Optimization algorithm                                         EMA
Random Starts Specifications
  Number of initial stage random starts                         20
  Number of final stage optimizations                            4
  Number of initial stage iterations                            10
  Initial stage convergence criterion                    0.100D+01
  Random starts scale                                    0.500D+01
  Random seed for generating random starts                       0

Input data file(s)
  iris.dat
Input data format  FREE



UNIVARIATE SAMPLE STATISTICS


     UNIVARIATE HIGHER-ORDER MOMENT DESCRIPTIVE STATISTICS

         Variable/         Mean/     Skewness/   Minimum/ % with                Percentiles
        Sample Size      Variance    Kurtosis    Maximum  Min/Max      20%/60%    40%/80%    Median

     X1                    5.843       0.312       4.300    0.67%       5.000      5.600      5.800
             150.000       0.681      -0.574       7.900    0.67%       6.100      6.500
     X2                    3.057       0.316       2.000    0.67%       2.700      3.000      3.000
             150.000       0.189       0.181       4.400    0.67%       3.100      3.400
     X3                    3.758      -0.272       1.000    0.67%       1.500      3.900      4.350
             150.000       3.096      -1.396       6.900    0.67%       4.600      5.300
     X4                    1.199      -0.102       0.100    3.33%       0.200      1.100      1.300
             150.000       0.577      -1.336       2.500    2.00%       1.500      1.900

RANDOM STARTS RESULTS RANKED FROM THE BEST TO THE WORST LOGLIKELIHOOD VALUES

Final stage loglikelihood values at local maxima, seeds, and initial stage start numbers:

            -210.557  637345           19
            -219.993  127215           9
            -228.002  903420           5
            -230.188  285380           1



     WARNING:  THE BEST LOGLIKELIHOOD VALUE WAS NOT REPLICATED.  THE
     SOLUTION MAY NOT BE TRUSTWORTHY DUE TO LOCAL MAXIMA.  INCREASE THE
     NUMBER OF RANDOM STARTS.


THE MODEL ESTIMATION TERMINATED NORMALLY



MODEL FIT INFORMATION

Number of Free Parameters                       48

Loglikelihood

          H0 Value                        -210.557
          H0 Scaling Correction Factor      1.1657
            for MLR

Information Criteria

          Akaike (AIC)                     517.114
          Bayesian (BIC)                   661.624
          Sample-Size Adjusted BIC         509.713
            (n* = (n + 2) / 24)



FINAL CLASS COUNTS AND PROPORTIONS FOR THE LATENT CLASSES
BASED ON THE ESTIMATED MODEL

    Latent
   Classes

       1          5.86650          0.03911
       2         25.93549          0.17290
       3         18.55713          0.12371
       4         24.82433          0.16550
       5         24.06451          0.16043
       6         16.56073          0.11040
       7          7.02084          0.04681
       8          8.10581          0.05404
       9         19.06467          0.12710


FINAL CLASS COUNTS AND PROPORTIONS FOR THE LATENT CLASSES
BASED ON ESTIMATED POSTERIOR PROBABILITIES

    Latent
   Classes

       1          5.86650          0.03911
       2         25.93550          0.17290
       3         18.55713          0.12371
       4         24.82433          0.16550
       5         24.06450          0.16043
       6         16.56073          0.11040
       7          7.02084          0.04681
       8          8.10581          0.05404
       9         19.06467          0.12710


FINAL CLASS COUNTS AND PROPORTIONS FOR THE LATENT CLASSES
BASED ON THEIR MOST LIKELY LATENT CLASS MEMBERSHIP

Class Counts and Proportions

    Latent
   Classes

       1                6          0.04000
       2               25          0.16667
       3               17          0.11333
       4               26          0.17333
       5               25          0.16667
       6               17          0.11333
       7                7          0.04667
       8                8          0.05333
       9               19          0.12667


CLASSIFICATION QUALITY

     Entropy                         0.925


Average Latent Class Probabilities for Most Likely Latent Class Membership (Row)
by Latent Class (Column)

           1        2        3        4        5        6        7        8        9

    1   0.949    0.000    0.051    0.000    0.000    0.000    0.000    0.000    0.000
    2   0.000    0.905    0.000    0.000    0.095    0.000    0.000    0.000    0.000
    3   0.010    0.000    0.984    0.006    0.000    0.000    0.000    0.000    0.000
    4   0.000    0.000    0.057    0.931    0.000    0.011    0.000    0.000    0.000
    5   0.000    0.132    0.000    0.000    0.868    0.000    0.000    0.000    0.000
    6   0.000    0.000    0.003    0.029    0.000    0.944    0.010    0.000    0.013
    7   0.000    0.000    0.000    0.001    0.000    0.028    0.958    0.012    0.000
    8   0.000    0.000    0.000    0.000    0.000    0.000    0.012    0.987    0.001
    9   0.000    0.000    0.000    0.000    0.000    0.001    0.002    0.007    0.991



Classification Probabilities for the Most Likely Latent Class Membership (Column)
by Latent Class (Row)

           1        2        3        4        5        6        7        8        9

    1   0.970    0.000    0.030    0.000    0.000    0.000    0.000    0.000    0.000
    2   0.000    0.872    0.000    0.000    0.128    0.000    0.000    0.000    0.000
    3   0.017    0.000    0.901    0.080    0.000    0.002    0.000    0.000    0.000
    4   0.000    0.000    0.004    0.975    0.000    0.020    0.000    0.000    0.000
    5   0.000    0.099    0.000    0.000    0.901    0.000    0.000    0.000    0.000
    6   0.000    0.000    0.000    0.018    0.000    0.969    0.012    0.000    0.001
    7   0.000    0.000    0.000    0.002    0.000    0.025    0.955    0.014    0.004
    8   0.000    0.000    0.000    0.000    0.000    0.000    0.010    0.974    0.016
    9   0.000    0.000    0.000    0.000    0.000    0.012    0.000    0.000    0.988



Logits for the Classification Probabilities for the Most Likely Latent Class Membership (Column)
by Latent Class (Row)

              1        2        3        4        5        6        7        8        9

    1     13.786    0.000   10.294    0.000    0.000    0.000    0.000    0.000    0.000
    2      0.000   13.679    0.000    0.000   11.756    0.000    0.000    0.000    0.000
    3      9.713    0.000   13.711   11.291    0.000    7.759    0.000    0.000    0.000
    4      0.000    0.000    8.355   13.791    0.000    9.907    5.916    0.000    0.000
    5      0.000   11.499    0.000    0.000   13.712    0.000    0.000    0.000    0.000
    6     -6.824   -6.824   -6.824    2.955   -6.824    6.961    2.570   -6.824    0.000
    7     -8.368   -8.368   -8.368   -1.046   -8.368    1.770    5.402    1.161    0.000
    8     -9.656   -9.656   -9.656   -9.656   -9.656   -9.656   -0.420    4.133    0.000
    9    -13.803  -13.803  -13.803  -13.803  -13.803   -4.420   -8.842   -7.826    0.000



MODEL RESULTS

                                                    Two-Tailed
                    Estimate       S.E.  Est./S.E.    P-Value

Latent Class 1

 Means
    X1                 5.191      0.159     32.722      0.000
    X2                 2.364      0.081     29.124      0.000
    X3                 3.382      0.126     26.743      0.000
    X4                 1.020      0.014     70.441      0.000

 Variances
    X1                 0.097      0.015      6.284      0.000
    X2                 0.072      0.010      7.235      0.000
    X3                 0.045      0.006      7.058      0.000
    X4                 0.013      0.002      6.292      0.000

Latent Class 2

 Means
    X1                 4.774      0.097     49.262      0.000
    X2                 3.184      0.103     30.807      0.000
    X3                 1.417      0.042     33.577      0.000
    X4                 0.207      0.014     14.552      0.000

 Variances
    X1                 0.097      0.015      6.284      0.000
    X2                 0.072      0.010      7.235      0.000
    X3                 0.045      0.006      7.058      0.000
    X4                 0.013      0.002      6.292      0.000

Latent Class 3

 Means
    X1                 5.679      0.057     99.757      0.000
    X2                 2.671      0.067     39.695      0.000
    X3                 4.050      0.079     51.160      0.000
    X4                 1.232      0.043     28.747      0.000

 Variances
    X1                 0.097      0.015      6.284      0.000
    X2                 0.072      0.010      7.235      0.000
    X3                 0.045      0.006      7.058      0.000
    X4                 0.013      0.002      6.292      0.000

Latent Class 4

 Means
    X1                 6.289      0.105     59.665      0.000
    X2                 2.896      0.066     43.712      0.000
    X3                 4.609      0.060     76.742      0.000
    X4                 1.443      0.025     58.360      0.000

 Variances
    X1                 0.097      0.015      6.284      0.000
    X2                 0.072      0.010      7.235      0.000
    X3                 0.045      0.006      7.058      0.000
    X4                 0.013      0.002      6.292      0.000

Latent Class 5

 Means
    X1                 5.256      0.096     54.473      0.000
    X2                 3.691      0.113     32.722      0.000
    X3                 1.511      0.034     44.376      0.000
    X4                 0.288      0.030      9.624      0.000

 Variances
    X1                 0.097      0.015      6.284      0.000
    X2                 0.072      0.010      7.235      0.000
    X3                 0.045      0.006      7.058      0.000
    X4                 0.013      0.002      6.292      0.000

Latent Class 6

 Means
    X1                 6.031      0.134     44.883      0.000
    X2                 2.820      0.065     43.111      0.000
    X3                 4.980      0.062     80.827      0.000
    X4                 1.844      0.037     49.221      0.000

 Variances
    X1                 0.097      0.015      6.284      0.000
    X2                 0.072      0.010      7.235      0.000
    X3                 0.045      0.006      7.058      0.000
    X4                 0.013      0.002      6.292      0.000

Latent Class 7

 Means
    X1                 6.635      0.227     29.215      0.000
    X2                 2.891      0.097     29.904      0.000
    X3                 5.680      0.131     43.397      0.000
    X4                 1.718      0.067     25.523      0.000

 Variances
    X1                 0.097      0.015      6.284      0.000
    X2                 0.072      0.010      7.235      0.000
    X3                 0.045      0.006      7.058      0.000
    X4                 0.013      0.002      6.292      0.000

Latent Class 8

 Means
    X1                 7.616      0.093     82.255      0.000
    X2                 3.092      0.154     20.114      0.000
    X3                 6.465      0.134     48.233      0.000
    X4                 2.076      0.078     26.597      0.000

 Variances
    X1                 0.097      0.015      6.284      0.000
    X2                 0.072      0.010      7.235      0.000
    X3                 0.045      0.006      7.058      0.000
    X4                 0.013      0.002      6.292      0.000

Latent Class 9

 Means
    X1                 6.612      0.078     84.254      0.000
    X2                 3.137      0.050     62.986      0.000
    X3                 5.582      0.071     79.133      0.000
    X4                 2.282      0.036     64.090      0.000

 Variances
    X1                 0.097      0.015      6.284      0.000
    X2                 0.072      0.010      7.235      0.000
    X3                 0.045      0.006      7.058      0.000
    X4                 0.013      0.002      6.292      0.000

Categorical Latent Variables

 Means
    C#1               -1.179      0.521     -2.263      0.024
    C#2                0.308      0.426      0.723      0.470
    C#3               -0.027      0.344     -0.078      0.937
    C#4                0.264      0.326      0.810      0.418
    C#5                0.233      0.446      0.523      0.601
    C#6               -0.141      0.359     -0.393      0.695
    C#7               -0.999      0.469     -2.128      0.033
    C#8               -0.855      0.450     -1.899      0.058


QUALITY OF NUMERICAL RESULTS

     Condition Number for the Information Matrix              0.456E-05
       (ratio of smallest to largest eigenvalue)


TECHNICAL 11 OUTPUT

     Random Starts Specifications for the k-1 Class Analysis Model
        Number of initial stage random starts                  20
        Number of final stage optimizations                     4



     VUONG-LO-MENDELL-RUBIN LIKELIHOOD RATIO TEST FOR 8 (H0) VERSUS 9 CLASSES

          H0 Loglikelihood Value                         -226.107
          2 Times the Loglikelihood Difference             31.101
          Difference in the Number of Parameters                5
          Mean                                             19.533
          Standard Deviation                               15.502
          P-Value                                          0.1910

     LO-MENDELL-RUBIN ADJUSTED LRT TEST

          Value                                            29.907
          P-Value                                          0.2100


     Beginning Time:  14:22:35
        Ending Time:  14:22:36
       Elapsed Time:  00:00:01



MUTHEN & MUTHEN
3463 Stoner Ave.
Los Angeles, CA  90066

Tel: (310) 391-9971
Fax: (310) 391-8971
Web: www.StatModel.com
Support: Support@StatModel.com

Copyright (c) 1998-2017 Muthen & Muthen
