\BOOKMARK [2][-]{section*.1}{\376\377\000R\000e\000s\000e\000a\000r\000c\000h\000\040\000I\000n\000t\000e\000r\000e\000s\000t\000s}{}% 1
\BOOKMARK [2][-]{section*.2}{\376\377\000E\000d\000u\000c\000a\000t\000i\000o\000n}{}% 2
\BOOKMARK [2][-]{section*.3}{\376\377\000P\000r\000o\000f\000e\000s\000s\000i\000o\000n\000a\000l\000\040\000E\000x\000p\000e\000r\000i\000e\000n\000c\000e}{}% 3
\BOOKMARK [2][-]{section*.4}{\376\377\000R\000e\000l\000a\000t\000e\000d\000\040\000\050\000K\000-\0001\0002\000\040\000T\000e\000a\000c\000h\000i\000n\000g\000\051\000\040\000P\000r\000o\000f\000e\000s\000s\000i\000o\000n\000a\000l\000\040\000E\000x\000p\000e\000r\000i\000e\000n\000c\000e}{}% 4
\BOOKMARK [2][-]{section*.5}{\376\377\000G\000r\000a\000n\000t\000s}{}% 5
\BOOKMARK [2][-]{section*.6}{\376\377\000F\000e\000l\000l\000o\000w\000s\000h\000i\000p\000s\000\040\000a\000n\000d\000\040\000A\000w\000a\000r\000d\000s}{}% 6
\BOOKMARK [2][-]{section*.7}{\376\377\000P\000u\000b\000l\000i\000c\000a\000t\000i\000o\000n\000s}{}% 7
\BOOKMARK [3][-]{section*.8}{\376\377\000B\000o\000o\000k}{section*.7}% 8
\BOOKMARK [3][-]{section*.9}{\376\377\000P\000e\000e\000r\000-\000R\000e\000v\000i\000e\000w\000e\000d\000\040\000J\000o\000u\000r\000n\000a\000l\000\040\000A\000r\000t\000i\000c\000l\000e\000s}{section*.7}% 9
\BOOKMARK [3][-]{section*.10}{\376\377\000B\000o\000o\000k\000\040\000C\000h\000a\000p\000t\000e\000r\000s}{section*.7}% 10
\BOOKMARK [3][-]{section*.11}{\376\377\000C\000o\000n\000f\000e\000r\000e\000n\000c\000e\000\040\000P\000r\000o\000c\000e\000e\000d\000i\000n\000g\000s\000\040\000P\000a\000p\000e\000r\000s}{section*.7}% 11
\BOOKMARK [3][-]{section*.12}{\376\377\000E\000d\000i\000t\000o\000r\000-\000R\000e\000v\000i\000e\000w\000e\000d\000\040\000P\000u\000b\000l\000i\000c\000a\000t\000i\000o\000n\000s}{section*.7}% 12
\BOOKMARK [2][-]{section*.13}{\376\377\000P\000r\000e\000s\000e\000n\000t\000a\000t\000i\000o\000n\000s}{}% 13
\BOOKMARK [3][-]{section*.14}{\376\377\000P\000e\000e\000r\000-\000R\000e\000v\000i\000e\000w\000e\000d\000\040\000C\000o\000n\000f\000e\000r\000e\000n\000c\000e\000\040\000P\000r\000e\000s\000e\000n\000t\000a\000t\000i\000o\000n\000s}{section*.13}% 14
\BOOKMARK [3][-]{section*.15}{\376\377\000I\000n\000v\000i\000t\000e\000d\000\040\000T\000a\000l\000k\000s}{section*.13}% 15
\BOOKMARK [3][-]{section*.16}{\376\377\000O\000t\000h\000e\000r\000\040\000P\000r\000e\000s\000e\000n\000t\000a\000t\000i\000o\000n\000s}{section*.13}% 16
\BOOKMARK [2][-]{section*.17}{\376\377\000C\000o\000m\000p\000e\000t\000i\000t\000i\000v\000e\000\040\000R\000e\000s\000e\000a\000r\000c\000h\000\040\000T\000r\000a\000i\000n\000i\000n\000g}{}% 17
\BOOKMARK [2][-]{section*.18}{\376\377\000S\000o\000f\000t\000w\000a\000r\000e\000\040\000D\000e\000v\000e\000l\000o\000p\000e\000d}{}% 18
\BOOKMARK [3][-]{section*.19}{\376\377\000R\000\040\000p\000a\000c\000k\000a\000g\000e\000s\000\040\000o\000n\000\040\000C\000o\000m\000p\000r\000e\000h\000e\000n\000s\000i\000v\000e\000\040\000R\000\040\000A\000r\000c\000h\000i\000v\000e\000\040\000N\000e\000t\000w\000o\000r\000k\000\040\000\050\000C\000R\000A\000N\000\051}{section*.18}% 19
\BOOKMARK [3][-]{section*.20}{\376\377\000I\000n\000t\000e\000r\000a\000c\000t\000i\000v\000e\000\040\000W\000e\000b\000\040\000A\000p\000p\000l\000i\000c\000a\000t\000i\000o\000n\000s}{section*.18}% 20
\BOOKMARK [2][-]{section*.21}{\376\377\000T\000e\000a\000c\000h\000i\000n\000g}{}% 21
\BOOKMARK [3][-]{section*.22}{\376\377\000T\000e\000a\000c\000h\000i\000n\000g\000\040\000A\000w\000a\000r\000d\000s}{section*.21}% 22
\BOOKMARK [3][-]{section*.23}{\376\377\000C\000o\000u\000r\000s\000e\000s\000\040\000T\000a\000u\000g\000h\000t}{section*.21}% 23
\BOOKMARK [2][-]{section*.24}{\376\377\000S\000e\000r\000v\000i\000c\000e}{}% 24
\BOOKMARK [3][-]{section*.25}{\376\377\000E\000d\000i\000t\000o\000r\000i\000a\000l\000\040\000S\000e\000r\000v\000i\000c\000e}{section*.24}% 25
\BOOKMARK [3][-]{section*.26}{\376\377\000S\000e\000r\000v\000i\000c\000e\000\040\000t\000o\000\040\000t\000h\000e\000\040\000P\000r\000o\000f\000e\000s\000s\000i\000o\000n}{section*.24}% 26
\BOOKMARK [3][-]{section*.27}{\376\377\000C\000o\000n\000f\000e\000r\000e\000n\000c\000e\000\040\000R\000e\000v\000i\000e\000w\000\040\000A\000c\000t\000i\000v\000i\000t\000y}{section*.24}% 27
\BOOKMARK [3][-]{section*.28}{\376\377\000S\000e\000r\000v\000i\000c\000e\000\040\000t\000o\000\040\000t\000h\000e\000\040\000C\000o\000m\000m\000u\000n\000i\000t\000y}{section*.24}% 28
\BOOKMARK [3][-]{section*.29}{\376\377\000A\000d\000-\000h\000o\000c\000\040\000J\000o\000u\000r\000n\000a\000l\000\040\000A\000r\000t\000i\000c\000l\000e\000\040\000R\000e\000v\000i\000e\000w\000s}{section*.24}% 29
\BOOKMARK [3][-]{section*.30}{\376\377\000C\000o\000l\000l\000e\000g\000e\000\040\000S\000e\000r\000v\000i\000c\000e}{section*.24}% 30
\BOOKMARK [3][-]{section*.31}{\376\377\000D\000e\000p\000a\000r\000t\000m\000e\000n\000t\000a\000l\000\040\000S\000e\000r\000v\000i\000c\000e}{section*.24}% 31
\BOOKMARK [3][-]{section*.32}{\376\377\000P\000r\000o\000g\000r\000a\000m\000\040\000S\000e\000r\000v\000i\000c\000e\000\040\000a\000n\000d\000\040\000S\000e\000r\000v\000i\000c\000e\000\040\000o\000n\000\040\000S\000t\000u\000d\000e\000n\000t\000\040\000C\000o\000m\000m\000i\000t\000t\000e\000e\000s}{section*.24}% 32
\BOOKMARK [3][-]{section*.33}{\376\377\000W\000o\000r\000k\000s\000h\000o\000p\000s\000\040\000a\000n\000d\000\040\000O\000u\000t\000r\000e\000a\000c\000h}{section*.24}% 33
\BOOKMARK [3][-]{section*.34}{\376\377\000C\000a\000m\000p\000u\000s\000\040\000a\000n\000d\000\040\000D\000e\000p\000a\000r\000t\000m\000e\000n\000t\000a\000l\000\040\000P\000r\000e\000s\000e\000n\000t\000a\000t\000i\000o\000n\000s}{section*.24}% 34
\BOOKMARK [2][-]{section*.35}{\376\377\000P\000o\000d\000c\000a\000s\000t}{}% 35
\BOOKMARK [2][-]{section*.36}{\376\377\000C\000o\000n\000s\000u\000l\000t\000i\000n\000g}{}% 36
\BOOKMARK [2][-]{section*.37}{\376\377\000P\000r\000o\000f\000e\000s\000s\000i\000o\000n\000a\000l\000\040\000A\000f\000f\000i\000l\000i\000a\000t\000i\000o\000n\000s}{}% 37
